≡ƒÜ½ Automatic job scraping DISABLED - Using manual curation approach
≡ƒô¥ Jobs will be added manually through the admin interface
node.exe : 
node:events:497
At line:1 char:1
+ & "C:\Program 
Files\nodejs/node.exe" 
"C:\Program 
Files\nodejs/node_mo 
...
+ ~~~~~~~~~~~~~~~~~~~~~
~~~~~~~~~~~~~~~~~~~~~~~
~~~~~~~~~~~~~~~~~~~~~~~
~~
    + CategoryInfo     
         : NotSpecifi  
  ed: (node:events:4   
 97:String) [], Rem    
oteException
    + FullyQualifiedEr 
   rorId : NativeComm  
  andError
 
      throw er; // 
Unhandled 'error' event
      ^

Error: listen ENOTSUP: 
operation not 
supported on socket 
0.0.0.0:5000
    at Server.setupList
enHandle [as _listen2] 
(node:net:1918:21)
    at listenInCluster 
(node:net:1997:12)
    at node:net:2206:7
    at process.processT
icksAndRejections (node
:internal/process/task_
queues:90:21)
Emitted 'error' event 
on Server instance at:
    at emitErrorNT 
(node:net:1976:8)
    at process.processT
icksAndRejections (node
:internal/process/task_
queues:90:21) {
  code: 'ENOTSUP',
  errno: -4049,
  syscall: 'listen',
  address: '0.0.0.0',
  port: 5000
}

Node.js v22.20.0
